Starting Selenium Grid
[Jenkins] $ "C:\Program Files (x86)\Jenkins\jre\bin\java" -cp "C:\Program Files (x86)\Jenkins\war\WEB-INF\lib\remoting-3.14.jar" hudson.remoting.Launcher -cp "C:\Program Files (x86)\Jenkins\plugins\selenium\WEB-INF\lib\selenium-server-standalone-3.7.1.jar;C:\Program Files (x86)\Jenkins\plugins\selenium\WEB-INF\lib\selenium-server-standalone-3.7.1.jar" -connectTo localhost:49809
Starting Selenium Grid
channel started
ene 26, 2018 7:57:59 AM hudson.plugins.selenium.HubLauncher call
DESACTIVADO: Grid hub starting with log level INFO
ene 26, 2018 7:57:59 AM hudson.plugins.selenium.HubLauncher call
DESACTIVADO: Grid Hub preparing to start on port 4444
2018-01-26 07:58:02.262:INFO::pool-1-thread-1 for channel id=0: Logging initialized @33578ms to org.seleniumhq.jetty9.util.log.StdErrLog
ene 26, 2018 7:58:02 AM org.openqa.grid.web.Hub initServer
INFORMACIÓN: Will listen on 4444
2018-01-26 07:58:02.387:INFO:osjs.Server:pool-1-thread-1 for channel id=0: jetty-9.4.5.v20170502
2018-01-26 07:58:02.434:INFO:osjs.session:pool-1-thread-1 for channel id=0: DefaultSessionIdManager workerName=node0
2018-01-26 07:58:02.434:INFO:osjs.session:pool-1-thread-1 for channel id=0: No SessionScavenger set, using defaults
2018-01-26 07:58:02.434:INFO:osjs.session:pool-1-thread-1 for channel id=0: Scavenging every 660000ms
2018-01-26 07:58:02.465:INFO:osjsh.ContextHandler:pool-1-thread-1 for channel id=0: Started o.s.j.s.ServletContextHandler@4645d5{/,null,AVAILABLE}
2018-01-26 07:58:02.512:INFO:osjs.AbstractConnector:pool-1-thread-1 for channel id=0: Started ServerConnector@7eeb7d{HTTP/1.1,[http/1.1]}{0.0.0.0:4444}
2018-01-26 07:58:02.512:INFO:osjs.Server:pool-1-thread-1 for channel id=0: Started @33830ms
ene 26, 2018 7:58:02 AM hudson.plugins.selenium.HubLauncher call
DESACTIVADO: Grid Hub started on port 4444 with args: -maxSession 5 -timeout 300 -browserTimeout 0 -host localhost
ene 26, 2018 7:58:11 AM org.openqa.grid.internal.DefaultGridRegistry add
INFORMACIÓN: Registered a node http://ESBCN01LGL0F3G2.ad.eu.rf-group.org:4445
